<?xml version="1.0" encoding="UTF-8"?>
<testng-results ignored="0" total="1" passed="1" failed="0" skipped="0">
  <reporter-output>
  </reporter-output>
  <suite started-at="2026-03-12T09:57:08 IST" name="Default suite" finished-at="2026-03-12T09:57:11 IST" duration-ms="3583">
    <groups>
    </groups>
    <test started-at="2026-03-12T09:57:08 IST" name="Default test" finished-at="2026-03-12T09:57:11 IST" duration-ms="3583">
      <class name="testscript.loginTest">
        <test-method is-config="true" signature="browserLaunch()[pri:0, instance:testscript.loginTest@2794eab6]" started-at="2026-03-12T09:57:08 IST" name="browserLaunch" finished-at="2026-03-12T09:57:11 IST" duration-ms="3024" status="PASS">
          <reporter-output>
          </reporter-output>
        </test-method> <!-- browserLaunch -->
        <test-method signature="verifyUserLoginwithValidCredentials()[pri:0, instance:testscript.loginTest@2794eab6]" started-at="2026-03-12T09:57:11 IST" name="verifyUserLoginwithValidCredentials" finished-at="2026-03-12T09:57:11 IST" duration-ms="480" status="PASS">
          <reporter-output>
          </reporter-output>
        </test-method> <!-- verifyUserLoginwithValidCredentials -->
        <test-method is-config="true" signature="closeandquit()[pri:0, instance:testscript.loginTest@2794eab6]" started-at="2026-03-12T09:57:11 IST" name="closeandquit" finished-at="2026-03-12T09:57:11 IST" duration-ms="1" status="PASS">
          <reporter-output>
          </reporter-output>
        </test-method> <!-- closeandquit -->
      </class> <!-- testscript.loginTest -->
    </test> <!-- Default test -->
  </suite> <!-- Default suite -->
</testng-results>
