<?xml version="1.0" encoding="UTF-8"?>
<!-- Generated by org.testng.reporters.JUnitXMLReporter -->
<testsuite ignored="3" hostname="Amp-Sneha" failures="0" tests="1" name="Chrome Test" time="3.784" errors="0" timestamp="2026-03-26T03:32:13 IST">
  <testcase classname="testScripts.loginTest" name="verifyUserLoginwithValidUsernameInvalidPassword" time="1.089"/>
  <testcase classname="testScripts.loginTest" name="verifyUserLoginwithValidCredentials" time="0.0">
    <ignored/>
  </testcase> <!-- verifyUserLoginwithValidCredentials -->
  <testcase classname="testScripts.loginTest" name="verifyUserLoginwithInvalidUsernameValidPassword" time="0.0">
    <ignored/>
  </testcase> <!-- verifyUserLoginwithInvalidUsernameValidPassword -->
  <testcase classname="testScripts.loginTest" name="verifyUserLoginwithInvalidCredentials" time="0.0">
    <ignored/>
  </testcase> <!-- verifyUserLoginwithInvalidCredentials -->
</testsuite> <!-- Chrome Test -->
