<?xml version="1.0" encoding="UTF-8"?>
<!-- Generated by org.testng.reporters.JUnitXMLReporter -->
<testsuite ignored="3" hostname="Amp-Sneha" failures="0" tests="1" name="FireFox Test" time="11.877" errors="0" timestamp="2026-03-26T03:32:25 IST">
  <testcase classname="testScripts.loginTest" name="verifyUserLoginwithValidUsernameInvalidPassword" time="0.44"/>
  <testcase classname="testScripts.loginTest" name="verifyUserLoginwithInvalidUsernameValidPassword" time="0.0">
    <ignored/>
  </testcase> <!-- verifyUserLoginwithInvalidUsernameValidPassword -->
  <testcase classname="testScripts.loginTest" name="verifyUserLoginwithInvalidCredentials" time="0.0">
    <ignored/>
  </testcase> <!-- verifyUserLoginwithInvalidCredentials -->
  <testcase classname="testScripts.loginTest" name="verifyUserLoginwithValidCredentials" time="0.0">
    <ignored/>
  </testcase> <!-- verifyUserLoginwithValidCredentials -->
</testsuite> <!-- FireFox Test -->
