<?xml version="1.0" encoding="UTF-8"?>
<testng-results ignored="0" total="1" passed="1" failed="0" skipped="0">
  <reporter-output>
  </reporter-output>
  <suite started-at="2026-03-26T05:11:58 IST" name="Suite" finished-at="2026-03-26T05:12:03 IST" duration-ms="5768">
    <groups>
    </groups>
    <test started-at="2026-03-26T05:11:58 IST" name="Test" finished-at="2026-03-26T05:12:03 IST" duration-ms="5768">
      <class name="testScripts.ManageNewsTest">
        <test-method is-config="true" signature="browserLaunch(java.lang.String)[pri:0, instance:testScripts.ManageNewsTest@5ce8d869]" started-at="2026-03-26T05:11:58 IST" name="browserLaunch" finished-at="2026-03-26T05:12:02 IST" duration-ms="4016" status="PASS">
          <params>
            <param index="0">
              <value>
                <![CDATA[chrome]]>
              </value>
            </param>
          </params>
          <reporter-output>
          </reporter-output>
        </test-method> <!-- browserLaunch -->
        <test-method signature="VerifyWhetherUserIsAbleToResetTheData()[pri:3, instance:testScripts.ManageNewsTest@5ce8d869]" started-at="2026-03-26T05:12:02 IST" name="VerifyWhetherUserIsAbleToResetTheData" description="Validating Whether User Is Able To Reset The Data" finished-at="2026-03-26T05:12:03 IST" duration-ms="1533" status="PASS">
          <reporter-output>
          </reporter-output>
        </test-method> <!-- VerifyWhetherUserIsAbleToResetTheData -->
        <test-method is-config="true" signature="driverQuit(org.testng.ITestResult)[pri:0, instance:testScripts.ManageNewsTest@5ce8d869]" started-at="2026-03-26T05:12:03 IST" name="driverQuit" finished-at="2026-03-26T05:12:03 IST" duration-ms="179" status="PASS">
          <params>
            <param index="0">
              <value>
                <![CDATA[[TestResult name=VerifyWhetherUserIsAbleToResetTheData status=SUCCESS method=ManageNewsTest.VerifyWhetherUserIsAbleToResetTheData()[pri:3, instance:testScripts.ManageNewsTest@5ce8d869] output={null}]]]>
              </value>
            </param>
          </params>
          <reporter-output>
          </reporter-output>
        </test-method> <!-- driverQuit -->
      </class> <!-- testScripts.ManageNewsTest -->
    </test> <!-- Test -->
  </suite> <!-- Suite -->
</testng-results>
