<?xml version="1.0" encoding="UTF-8"?>
<testng-results ignored="0" total="1" passed="1" failed="0" skipped="0">
  <reporter-output>
  </reporter-output>
  <suite started-at="2026-03-26T03:59:27 IST" name="Suite" finished-at="2026-03-26T03:59:31 IST" duration-ms="3535">
    <groups>
      <group name="smoke">
        <method signature="loginTest.verifyUserLoginwithInvalidCredentials()[pri:4, instance:testScripts.loginTest@27eedb64]" name="verifyUserLoginwithInvalidCredentials" class="testScripts.loginTest"/>
      </group> <!-- smoke -->
    </groups>
    <test started-at="2026-03-26T03:59:27 IST" name="Test" finished-at="2026-03-26T03:59:31 IST" duration-ms="3535">
      <class name="testScripts.loginTest">
        <test-method is-config="true" signature="browserLaunch(java.lang.String)[pri:0, instance:testScripts.loginTest@27eedb64]" started-at="2026-03-26T03:59:27 IST" name="browserLaunch" finished-at="2026-03-26T03:59:30 IST" duration-ms="2373" status="PASS">
          <params>
            <param index="0">
              <value>
                <![CDATA[chrome]]>
              </value>
            </param>
          </params>
          <reporter-output>
          </reporter-output>
        </test-method> <!-- browserLaunch -->
        <test-method signature="verifyUserLoginwithInvalidCredentials()[pri:4, instance:testScripts.loginTest@27eedb64]" started-at="2026-03-26T03:59:30 IST" name="verifyUserLoginwithInvalidCredentials" description="Validating user login with Invalid credentials" finished-at="2026-03-26T03:59:31 IST" duration-ms="915" status="PASS">
          <reporter-output>
          </reporter-output>
        </test-method> <!-- verifyUserLoginwithInvalidCredentials -->
        <test-method is-config="true" signature="driverQuit(org.testng.ITestResult)[pri:0, instance:testScripts.loginTest@27eedb64]" started-at="2026-03-26T03:59:31 IST" name="driverQuit" finished-at="2026-03-26T03:59:31 IST" duration-ms="204" status="PASS">
          <params>
            <param index="0">
              <value>
                <![CDATA[[TestResult name=verifyUserLoginwithInvalidCredentials status=SUCCESS method=loginTest.verifyUserLoginwithInvalidCredentials()[pri:4, instance:testScripts.loginTest@27eedb64] output={null}]]]>
              </value>
            </param>
          </params>
          <reporter-output>
          </reporter-output>
        </test-method> <!-- driverQuit -->
      </class> <!-- testScripts.loginTest -->
    </test> <!-- Test -->
  </suite> <!-- Suite -->
</testng-results>
