<?xml version="1.0" encoding="UTF-8"?>
<!-- Generated by org.testng.reporters.JUnitXMLReporter -->
<testsuite ignored="2" hostname="Amp-Sneha" failures="0" tests="1" name="Test" time="5.768" errors="0" timestamp="2026-03-26T05:12:04 IST">
  <testcase classname="testScripts.ManageNewsTest" name="VerifyWhetherUserIsAbleToResetTheData" time="1.533"/>
  <testcase classname="testScripts.ManageNewsTest" name="VerifyWhetherUserIsAbleToSearchANews" time="0.0">
    <ignored/>
  </testcase> <!-- VerifyWhetherUserIsAbleToSearchANews -->
  <testcase classname="testScripts.ManageNewsTest" name="VerifyWhetherUserIsAbleToAddANewNews" time="0.0">
    <ignored/>
  </testcase> <!-- VerifyWhetherUserIsAbleToAddANewNews -->
</testsuite> <!-- Test -->
