<?xml version="1.0" encoding="UTF-8"?>
<!-- Generated by org.testng.reporters.JUnitXMLReporter -->
<testsuite ignored="3" hostname="Amp-Sneha" failures="0" tests="1" name="Test" time="3.535" errors="0" timestamp="2026-03-26T03:59:31 IST">
  <testcase classname="testScripts.loginTest" name="verifyUserLoginwithInvalidCredentials" time="0.915"/>
  <testcase classname="testScripts.loginTest" name="verifyUserLoginwithValidCredentials" time="0.0">
    <ignored/>
  </testcase> <!-- verifyUserLoginwithValidCredentials -->
  <testcase classname="testScripts.loginTest" name="verifyUserLoginwithValidUsernameInvalidPassword" time="0.0">
    <ignored/>
  </testcase> <!-- verifyUserLoginwithValidUsernameInvalidPassword -->
  <testcase classname="testScripts.loginTest" name="verifyUserLoginwithInvalidUsernameValidPassword" time="0.0">
    <ignored/>
  </testcase> <!-- verifyUserLoginwithInvalidUsernameValidPassword -->
</testsuite> <!-- Test -->
