<?xml version="1.0" encoding="UTF-8"?>
<!-- Generated by org.testng.reporters.JUnitXMLReporter -->
<testsuite ignored="0" hostname="Amp-Sneha" failures="0" tests="4" name="Test1" time="9.709" errors="0" timestamp="2026-03-30T08:31:49 IST">
  <testcase classname="testScripts.loginTest" name="verifyUserLoginwithValidCredentials" time="1.028"/>
  <testcase classname="testScripts.loginTest" name="verifyUserLoginwithValidUsernameInvalidPassword" time="0.326"/>
  <testcase classname="testScripts.loginTest" name="verifyUserLoginwithInvalidUsernameValidPassword" time="0.334"/>
  <testcase classname="testScripts.loginTest" name="verifyUserLoginwithInvalidCredentials" time="0.414"/>
</testsuite> <!-- Test1 -->
