<?xml version="1.0" encoding="UTF-8"?>
<!-- Generated by org.testng.reporters.JUnitReportReporter -->
<testsuite hostname="Amp-Sneha" failures="0" tests="2" name="testScripts.loginTest" time="4.920" errors="0" timestamp="2026-03-31T02:31:19 IST" skipped="0">
  <testcase classname="testScripts.loginTest" name="verifyUserLoginwithInvalidCredentials" time="2.090"/>
  <testcase classname="testScripts.loginTest" name="verifyUserLoginwithInvalidCredentials" time="2.830"/>
</testsuite> <!-- testScripts.loginTest -->
