<?xml version="1.0" encoding="UTF-8"?>
<!-- Generated by org.testng.reporters.JUnitXMLReporter -->
<testsuite ignored="3" hostname="Amp-Sneha" failures="0" tests="1" name="Default test" time="6.137" errors="0" timestamp="2026-03-17T09:21:16 IST">
  <testcase classname="testscript.loginTest" name="verifyUserLoginwithValidCredentials" time="0.798"/>
  <testcase classname="testscript.loginTest" name="verifyUserLoginwithInvalidCredentials" time="0.0">
    <ignored/>
  </testcase> <!-- verifyUserLoginwithInvalidCredentials -->
  <testcase classname="testscript.loginTest" name="verifyUserLoginwithInvalidUsernameValidPassword" time="0.0">
    <ignored/>
  </testcase> <!-- verifyUserLoginwithInvalidUsernameValidPassword -->
  <testcase classname="testscript.loginTest" name="verifyUserLoginwithValidUsernameInvalidPassword" time="0.0">
    <ignored/>
  </testcase> <!-- verifyUserLoginwithValidUsernameInvalidPassword -->
</testsuite> <!-- Default test -->
